{"D:\\QuickBlog\\QuickBlog-FullStack\\server\\controllers\\adminController.js": {"path":"D:\\QuickBlog\\QuickBlog-FullStack\\server\\controllers\\adminController.js","statementMap":{"0":{"start":{"line":5,"column":26},"end":{"line":18,"column":1}},"1":{"start":{"line":6,"column":4},"end":{"line":17,"column":5}},"2":{"start":{"line":7,"column":34},"end":{"line":7,"column":42}},"3":{"start":{"line":9,"column":8},"end":{"line":11,"column":9}},"4":{"start":{"line":10,"column":12},"end":{"line":10,"column":77}},"5":{"start":{"line":13,"column":22},"end":{"line":13,"column":63}},"6":{"start":{"line":14,"column":8},"end":{"line":14,"column":40}},"7":{"start":{"line":16,"column":8},"end":{"line":16,"column":58}},"8":{"start":{"line":20,"column":32},"end":{"line":27,"column":1}},"9":{"start":{"line":21,"column":4},"end":{"line":26,"column":5}},"10":{"start":{"line":22,"column":22},"end":{"line":22,"column":63}},"11":{"start":{"line":23,"column":8},"end":{"line":23,"column":40}},"12":{"start":{"line":25,"column":8},"end":{"line":25,"column":58}},"13":{"start":{"line":29,"column":30},"end":{"line":36,"column":1}},"14":{"start":{"line":30,"column":4},"end":{"line":35,"column":5}},"15":{"start":{"line":31,"column":25},"end":{"line":31,"column":86}},"16":{"start":{"line":32,"column":8},"end":{"line":32,"column":43}},"17":{"start":{"line":34,"column":8},"end":{"line":34,"column":58}},"18":{"start":{"line":38,"column":28},"end":{"line":52,"column":1}},"19":{"start":{"line":39,"column":4},"end":{"line":51,"column":5}},"20":{"start":{"line":40,"column":28},"end":{"line":40,"column":80}},"21":{"start":{"line":41,"column":22},"end":{"line":41,"column":49}},"22":{"start":{"line":42,"column":25},"end":{"line":42,"column":55}},"23":{"start":{"line":43,"column":23},"end":{"line":43,"column":70}},"24":{"start":{"line":45,"column":30},"end":{"line":47,"column":9}},"25":{"start":{"line":48,"column":8},"end":{"line":48,"column":48}},"26":{"start":{"line":50,"column":8},"end":{"line":50,"column":58}},"27":{"start":{"line":54,"column":33},"end":{"line":62,"column":1}},"28":{"start":{"line":55,"column":4},"end":{"line":61,"column":5}},"29":{"start":{"line":56,"column":21},"end":{"line":56,"column":29}},"30":{"start":{"line":57,"column":8},"end":{"line":57,"column":44}},"31":{"start":{"line":58,"column":8},"end":{"line":58,"column":74}},"32":{"start":{"line":60,"column":7},"end":{"line":60,"column":57}},"33":{"start":{"line":64,"column":34},"end":{"line":72,"column":1}},"34":{"start":{"line":65,"column":4},"end":{"line":71,"column":5}},"35":{"start":{"line":66,"column":21},"end":{"line":66,"column":29}},"36":{"start":{"line":67,"column":8},"end":{"line":67,"column":64}},"37":{"start":{"line":68,"column":8},"end":{"line":68,"column":75}},"38":{"start":{"line":70,"column":7},"end":{"line":70,"column":57}}},"fnMap":{"0":{"name":"(anonymous_0)","decl":{"start":{"line":5,"column":26},"end":{"line":5,"column":27}},"loc":{"start":{"line":5,"column":44},"end":{"line":18,"column":1}},"line":5},"1":{"name":"(anonymous_1)","decl":{"start":{"line":20,"column":32},"end":{"line":20,"column":33}},"loc":{"start":{"line":20,"column":51},"end":{"line":27,"column":1}},"line":20},"2":{"name":"(anonymous_2)","decl":{"start":{"line":29,"column":30},"end":{"line":29,"column":31}},"loc":{"start":{"line":29,"column":49},"end":{"line":36,"column":1}},"line":29},"3":{"name":"(anonymous_3)","decl":{"start":{"line":38,"column":28},"end":{"line":38,"column":29}},"loc":{"start":{"line":38,"column":47},"end":{"line":52,"column":1}},"line":38},"4":{"name":"(anonymous_4)","decl":{"start":{"line":54,"column":33},"end":{"line":54,"column":34}},"loc":{"start":{"line":54,"column":52},"end":{"line":62,"column":1}},"line":54},"5":{"name":"(anonymous_5)","decl":{"start":{"line":64,"column":34},"end":{"line":64,"column":35}},"loc":{"start":{"line":64,"column":53},"end":{"line":72,"column":1}},"line":64}},"branchMap":{"0":{"loc":{"start":{"line":9,"column":8},"end":{"line":11,"column":9}},"type":"if","locations":[{"start":{"line":9,"column":8},"end":{"line":11,"column":9}},{"start":{},"end":{}}],"line":9},"1":{"loc":{"start":{"line":9,"column":11},"end":{"line":9,"column":87}},"type":"binary-expr","locations":[{"start":{"line":9,"column":11},"end":{"line":9,"column":44}},{"start":{"line":9,"column":48},"end":{"line":9,"column":87}}],"line":9}},"s":{"0":1,"1":5,"2":5,"3":5,"4":3,"5":2,"6":1,"7":1,"8":1,"9":0,"10":0,"11":0,"12":0,"13":1,"14":0,"15":0,"16":0,"17":0,"18":1,"19":0,"20":0,"21":0,"22":0,"23":0,"24":0,"25":0,"26":0,"27":1,"28":0,"29":0,"30":0,"31":0,"32":0,"33":1,"34":0,"35":0,"36":0,"37":0,"38":0},"f":{"0":5,"1":0,"2":0,"3":0,"4":0,"5":0},"b":{"0":[3,2],"1":[5,3]},"_coverageSchema":"1a1c01bbd47fc00a2c39e90264f33305004495a9","hash":"b9385c1ee161e4ebbb85c017987b92460672b820"}
,"D:\\QuickBlog\\QuickBlog-FullStack\\server\\controllers\\blogController.js": {"path":"D:\\QuickBlog\\QuickBlog-FullStack\\server\\controllers\\blogController.js","statementMap":{"0":{"start":{"line":7,"column":23},"end":{"line":53,"column":1}},"1":{"start":{"line":8,"column":2},"end":{"line":52,"column":3}},"2":{"start":{"line":9,"column":68},"end":{"line":11,"column":5}},"3":{"start":{"line":12,"column":22},"end":{"line":12,"column":30}},"4":{"start":{"line":15,"column":4},"end":{"line":17,"column":5}},"5":{"start":{"line":16,"column":6},"end":{"line":16,"column":78}},"6":{"start":{"line":19,"column":23},"end":{"line":19,"column":54}},"7":{"start":{"line":22,"column":21},"end":{"line":26,"column":6}},"8":{"start":{"line":29,"column":30},"end":{"line":36,"column":6}},"9":{"start":{"line":38,"column":18},"end":{"line":38,"column":35}},"10":{"start":{"line":40,"column":4},"end":{"line":47,"column":7}},"11":{"start":{"line":49,"column":4},"end":{"line":49,"column":68}},"12":{"start":{"line":51,"column":4},"end":{"line":51,"column":57}},"13":{"start":{"line":55,"column":27},"end":{"line":62,"column":1}},"14":{"start":{"line":56,"column":2},"end":{"line":61,"column":3}},"15":{"start":{"line":57,"column":18},"end":{"line":57,"column":56}},"16":{"start":{"line":58,"column":4},"end":{"line":58,"column":39}},"17":{"start":{"line":60,"column":4},"end":{"line":60,"column":57}},"18":{"start":{"line":64,"column":27},"end":{"line":75,"column":1}},"19":{"start":{"line":65,"column":2},"end":{"line":74,"column":3}},"20":{"start":{"line":66,"column":23},"end":{"line":66,"column":33}},"21":{"start":{"line":67,"column":17},"end":{"line":67,"column":44}},"22":{"start":{"line":68,"column":4},"end":{"line":70,"column":5}},"23":{"start":{"line":69,"column":6},"end":{"line":69,"column":69}},"24":{"start":{"line":71,"column":4},"end":{"line":71,"column":38}},"25":{"start":{"line":73,"column":4},"end":{"line":73,"column":57}},"26":{"start":{"line":77,"column":30},"end":{"line":89,"column":1}},"27":{"start":{"line":78,"column":2},"end":{"line":88,"column":3}},"28":{"start":{"line":79,"column":19},"end":{"line":79,"column":27}},"29":{"start":{"line":80,"column":4},"end":{"line":80,"column":37}},"30":{"start":{"line":83,"column":4},"end":{"line":83,"column":43}},"31":{"start":{"line":85,"column":4},"end":{"line":85,"column":70}},"32":{"start":{"line":87,"column":4},"end":{"line":87,"column":57}},"33":{"start":{"line":91,"column":29},"end":{"line":101,"column":1}},"34":{"start":{"line":92,"column":2},"end":{"line":100,"column":3}},"35":{"start":{"line":93,"column":19},"end":{"line":93,"column":27}},"36":{"start":{"line":94,"column":17},"end":{"line":94,"column":40}},"37":{"start":{"line":95,"column":4},"end":{"line":95,"column":41}},"38":{"start":{"line":96,"column":4},"end":{"line":96,"column":22}},"39":{"start":{"line":97,"column":4},"end":{"line":97,"column":64}},"40":{"start":{"line":99,"column":4},"end":{"line":99,"column":57}},"41":{"start":{"line":103,"column":26},"end":{"line":111,"column":1}},"42":{"start":{"line":104,"column":2},"end":{"line":110,"column":3}},"43":{"start":{"line":105,"column":36},"end":{"line":105,"column":44}},"44":{"start":{"line":106,"column":4},"end":{"line":106,"column":50}},"45":{"start":{"line":107,"column":4},"end":{"line":107,"column":69}},"46":{"start":{"line":109,"column":4},"end":{"line":109,"column":57}},"47":{"start":{"line":113,"column":31},"end":{"line":124,"column":1}},"48":{"start":{"line":114,"column":2},"end":{"line":123,"column":3}},"49":{"start":{"line":115,"column":23},"end":{"line":115,"column":31}},"50":{"start":{"line":116,"column":21},"end":{"line":119,"column":30}},"51":{"start":{"line":120,"column":4},"end":{"line":120,"column":42}},"52":{"start":{"line":122,"column":4},"end":{"line":122,"column":57}},"53":{"start":{"line":126,"column":31},"end":{"line":136,"column":1}},"54":{"start":{"line":127,"column":2},"end":{"line":135,"column":3}},"55":{"start":{"line":128,"column":23},"end":{"line":128,"column":31}},"56":{"start":{"line":129,"column":20},"end":{"line":131,"column":5}},"57":{"start":{"line":132,"column":4},"end":{"line":132,"column":41}},"58":{"start":{"line":134,"column":4},"end":{"line":134,"column":57}}},"fnMap":{"0":{"name":"(anonymous_0)","decl":{"start":{"line":7,"column":23},"end":{"line":7,"column":24}},"loc":{"start":{"line":7,"column":43},"end":{"line":53,"column":1}},"line":7},"1":{"name":"(anonymous_1)","decl":{"start":{"line":55,"column":27},"end":{"line":55,"column":28}},"loc":{"start":{"line":55,"column":47},"end":{"line":62,"column":1}},"line":55},"2":{"name":"(anonymous_2)","decl":{"start":{"line":64,"column":27},"end":{"line":64,"column":28}},"loc":{"start":{"line":64,"column":47},"end":{"line":75,"column":1}},"line":64},"3":{"name":"(anonymous_3)","decl":{"start":{"line":77,"column":30},"end":{"line":77,"column":31}},"loc":{"start":{"line":77,"column":50},"end":{"line":89,"column":1}},"line":77},"4":{"name":"(anonymous_4)","decl":{"start":{"line":91,"column":29},"end":{"line":91,"column":30}},"loc":{"start":{"line":91,"column":49},"end":{"line":101,"column":1}},"line":91},"5":{"name":"(anonymous_5)","decl":{"start":{"line":103,"column":26},"end":{"line":103,"column":27}},"loc":{"start":{"line":103,"column":46},"end":{"line":111,"column":1}},"line":103},"6":{"name":"(anonymous_6)","decl":{"start":{"line":113,"column":31},"end":{"line":113,"column":32}},"loc":{"start":{"line":113,"column":51},"end":{"line":124,"column":1}},"line":113},"7":{"name":"(anonymous_7)","decl":{"start":{"line":126,"column":31},"end":{"line":126,"column":32}},"loc":{"start":{"line":126,"column":51},"end":{"line":136,"column":1}},"line":126}},"branchMap":{"0":{"loc":{"start":{"line":15,"column":4},"end":{"line":17,"column":5}},"type":"if","locations":[{"start":{"line":15,"column":4},"end":{"line":17,"column":5}},{"start":{},"end":{}}],"line":15},"1":{"loc":{"start":{"line":15,"column":8},"end":{"line":15,"column":57}},"type":"binary-expr","locations":[{"start":{"line":15,"column":8},"end":{"line":15,"column":14}},{"start":{"line":15,"column":18},"end":{"line":15,"column":30}},{"start":{"line":15,"column":34},"end":{"line":15,"column":43}},{"start":{"line":15,"column":47},"end":{"line":15,"column":57}}],"line":15},"2":{"loc":{"start":{"line":68,"column":4},"end":{"line":70,"column":5}},"type":"if","locations":[{"start":{"line":68,"column":4},"end":{"line":70,"column":5}},{"start":{},"end":{}}],"line":68}},"s":{"0":1,"1":4,"2":4,"3":4,"4":4,"5":1,"6":3,"7":3,"8":2,"9":2,"10":2,"11":1,"12":2,"13":1,"14":0,"15":0,"16":0,"17":0,"18":1,"19":0,"20":0,"21":0,"22":0,"23":0,"24":0,"25":0,"26":1,"27":0,"28":0,"29":0,"30":0,"31":0,"32":0,"33":1,"34":0,"35":0,"36":0,"37":0,"38":0,"39":0,"40":0,"41":1,"42":0,"43":0,"44":0,"45":0,"46":0,"47":1,"48":0,"49":0,"50":0,"51":0,"52":0,"53":1,"54":0,"55":0,"56":0,"57":0,"58":0},"f":{"0":4,"1":0,"2":0,"3":0,"4":0,"5":0,"6":0,"7":0},"b":{"0":[1,3],"1":[4,4,4,4],"2":[0,0]},"_coverageSchema":"1a1c01bbd47fc00a2c39e90264f33305004495a9","hash":"8e5d60606f9d7fae1871abc2d4412858311c9275"}
,"D:\\QuickBlog\\QuickBlog-FullStack\\server\\middleware\\auth.js": {"path":"D:\\QuickBlog\\QuickBlog-FullStack\\server\\middleware\\auth.js","statementMap":{"0":{"start":{"line":3,"column":13},"end":{"line":12,"column":1}},"1":{"start":{"line":4,"column":18},"end":{"line":4,"column":43}},"2":{"start":{"line":6,"column":4},"end":{"line":11,"column":5}},"3":{"start":{"line":7,"column":8},"end":{"line":7,"column":49}},"4":{"start":{"line":8,"column":8},"end":{"line":8,"column":15}},"5":{"start":{"line":10,"column":8},"end":{"line":10,"column":60}}},"fnMap":{"0":{"name":"(anonymous_0)","decl":{"start":{"line":3,"column":13},"end":{"line":3,"column":14}},"loc":{"start":{"line":3,"column":31},"end":{"line":12,"column":1}},"line":3}},"branchMap":{},"s":{"0":0,"1":0,"2":0,"3":0,"4":0,"5":0},"f":{"0":0},"b":{}}
,"D:\\QuickBlog\\QuickBlog-FullStack\\server\\middleware\\multer.js": {"path":"D:\\QuickBlog\\QuickBlog-FullStack\\server\\middleware\\multer.js","statementMap":{"0":{"start":{"line":3,"column":15},"end":{"line":3,"column":56}}},"fnMap":{},"branchMap":{},"s":{"0":0},"f":{},"b":{}}
,"D:\\QuickBlog\\QuickBlog-FullStack\\server\\models\\Blog.js": {"path":"D:\\QuickBlog\\QuickBlog-FullStack\\server\\models\\Blog.js","statementMap":{"0":{"start":{"line":3,"column":19},"end":{"line":10,"column":21}},"1":{"start":{"line":12,"column":13},"end":{"line":12,"column":47}}},"fnMap":{},"branchMap":{},"s":{"0":2,"1":2},"f":{},"b":{},"_coverageSchema":"1a1c01bbd47fc00a2c39e90264f33305004495a9","hash":"285e52f8d8f6563211fb9f2fd45dde77eb770d55"}
,"D:\\QuickBlog\\QuickBlog-FullStack\\server\\models\\Comment.js": {"path":"D:\\QuickBlog\\QuickBlog-FullStack\\server\\models\\Comment.js","statementMap":{"0":{"start":{"line":3,"column":22},"end":{"line":8,"column":21}},"1":{"start":{"line":10,"column":16},"end":{"line":10,"column":56}}},"fnMap":{},"branchMap":{},"s":{"0":2,"1":2},"f":{},"b":{},"_coverageSchema":"1a1c01bbd47fc00a2c39e90264f33305004495a9","hash":"e4b4c6af39275dab4ba122ae9668cca6477c472a"}
,"D:\\QuickBlog\\QuickBlog-FullStack\\server\\routes\\adminRoutes.js": {"path":"D:\\QuickBlog\\QuickBlog-FullStack\\server\\routes\\adminRoutes.js","statementMap":{"0":{"start":{"line":5,"column":20},"end":{"line":5,"column":36}},"1":{"start":{"line":7,"column":0},"end":{"line":7,"column":39}},"2":{"start":{"line":8,"column":0},"end":{"line":8,"column":51}},"3":{"start":{"line":9,"column":0},"end":{"line":9,"column":50}},"4":{"start":{"line":10,"column":0},"end":{"line":10,"column":61}},"5":{"start":{"line":11,"column":0},"end":{"line":11,"column":63}},"6":{"start":{"line":12,"column":0},"end":{"line":12,"column":50}}},"fnMap":{},"branchMap":{},"s":{"0":0,"1":0,"2":0,"3":0,"4":0,"5":0,"6":0},"f":{},"b":{}}
,"D:\\QuickBlog\\QuickBlog-FullStack\\server\\routes\\blogRoutes.js": {"path":"D:\\QuickBlog\\QuickBlog-FullStack\\server\\routes\\blogRoutes.js","statementMap":{"0":{"start":{"line":6,"column":19},"end":{"line":6,"column":35}},"1":{"start":{"line":8,"column":0},"end":{"line":8,"column":63}},"2":{"start":{"line":9,"column":0},"end":{"line":9,"column":36}},"3":{"start":{"line":10,"column":0},"end":{"line":10,"column":40}},"4":{"start":{"line":11,"column":0},"end":{"line":11,"column":49}},"5":{"start":{"line":12,"column":0},"end":{"line":12,"column":56}},"6":{"start":{"line":13,"column":0},"end":{"line":13,"column":44}},"7":{"start":{"line":14,"column":0},"end":{"line":14,"column":46}},"8":{"start":{"line":16,"column":0},"end":{"line":16,"column":52}}},"fnMap":{},"branchMap":{},"s":{"0":0,"1":0,"2":0,"3":0,"4":0,"5":0,"6":0,"7":0,"8":0},"f":{},"b":{}}
}
